<?xml version="1.0" encoding="UTF-8"?>
<!-- Generated by org.testng.reporters.JUnitXMLReporter -->
<testsuite ignored="0" hostname="HUSSAIN77" failures="1" tests="1" name="Surefire test" time="10.555" errors="0" timestamp="2025-10-29T08:22:41 IST">
  <testcase classname="PackageMaven.PackageMaven.TestCase1_LoginToFacebook" name="withValidCred" time="10.511">
    <failure type="org.openqa.selenium.NoSuchElementException" message="no such element: Unable to locate element: {&amp;quot;method&amp;quot;:&amp;quot;xpath&amp;quot;,&amp;quot;selector&amp;quot;:&amp;quot;(//div[@role=&amp;apos;button&amp;apos; and contains(@aria-label,&amp;apos;Decline optional cookies&amp;apos;)])[1]&amp;quot;}
  (Session info: chrome=141.0.7390.123)
For documentation on this error, please visit: https://www.selenium.dev/documentation/webdriver/troubleshooting/errors#no-such-element-exception
Build info: version: &amp;apos;4.35.0&amp;apos;, revision: &amp;apos;1c58e5028b&amp;apos;
System info: os.name: &amp;apos;Windows 11&amp;apos;, os.arch: &amp;apos;amd64&amp;apos;, os.version: &amp;apos;10.0&amp;apos;, java.version: &amp;apos;21.0.7&amp;apos;
Driver info: org.openqa.selenium.chrome.ChromeDriver
Command: [975aea8bd618cf4fa21bf48ae1bb402b, findElement {value=(//div[@role=&amp;apos;button&amp;apos; and contains(@aria-label,&amp;apos;Decline optional cookies&amp;apos;)])[1], using=xpath}]
Capabilities {acceptInsecureCerts: false, browserName: chrome, browserVersion: 141.0.7390.123, chrome: {chromedriverVersion: 141.0.7390.122 (b477534e7e1..., userDataDir: C:\Users\SHABAZ~1\AppData\L...}, fedcm:accounts: true, goog:chromeOptions: {debuggerAddress: localhost:54849}, networkConnectionEnabled: false, pageLoadStrategy: normal, platformName: windows, proxy: Proxy(), se:cdp: ws://localhost:54849/devtoo..., se:cdpVersion: 141.0.7390.123, setWindowRect: true, strictFileInteractability: false, timeouts: {implicit: 0, pageLoad: 300000, script: 30000}, unhandledPromptBehavior: dismiss and notify, webauthn:extension:credBlob: true, webauthn:extension:largeBlob: true, webauthn:extension:minPinLength: true, webauthn:extension:prf: true, webauthn:virtualAuthenticators: true}
Session ID: 975aea8bd618cf4fa21bf48ae1bb402b">
      <![CDATA[org.openqa.selenium.NoSuchElementException: no such element: Unable to locate element: {"method":"xpath","selector":"(//div[@role='button' and contains(@aria-label,'Decline optional cookies')])[1]"}
  (Session info: chrome=141.0.7390.123)
For documentation on this error, please visit: https://www.selenium.dev/documentation/webdriver/troubleshooting/errors#no-such-element-exception
Build info: version: '4.35.0', revision: '1c58e5028b'
System info: os.name: 'Windows 11', os.arch: 'amd64', os.version: '10.0', java.version: '21.0.7'
Driver info: org.openqa.selenium.chrome.ChromeDriver
Command: [975aea8bd618cf4fa21bf48ae1bb402b, findElement {value=(//div[@role='button' and contains(@aria-label,'Decline optional cookies')])[1], using=xpath}]
Capabilities {acceptInsecureCerts: false, browserName: chrome, browserVersion: 141.0.7390.123, chrome: {chromedriverVersion: 141.0.7390.122 (b477534e7e1..., userDataDir: C:\Users\SHABAZ~1\AppData\L...}, fedcm:accounts: true, goog:chromeOptions: {debuggerAddress: localhost:54849}, networkConnectionEnabled: false, pageLoadStrategy: normal, platformName: windows, proxy: Proxy(), se:cdp: ws://localhost:54849/devtoo..., se:cdpVersion: 141.0.7390.123, setWindowRect: true, strictFileInteractability: false, timeouts: {implicit: 0, pageLoad: 300000, script: 30000}, unhandledPromptBehavior: dismiss and notify, webauthn:extension:credBlob: true, webauthn:extension:largeBlob: true, webauthn:extension:minPinLength: true, webauthn:extension:prf: true, webauthn:virtualAuthenticators: true}
Session ID: 975aea8bd618cf4fa21bf48ae1bb402b
at org.openqa.selenium.remote.ErrorCodec.decode(ErrorCodec.java:167)
at org.openqa.selenium.remote.codec.w3c.W3CHttpResponseCodec.decode(W3CHttpResponseCodec.java:138)
at org.openqa.selenium.remote.codec.w3c.W3CHttpResponseCodec.decode(W3CHttpResponseCodec.java:50)
at org.openqa.selenium.remote.HttpCommandExecutor.execute(HttpCommandExecutor.java:215)
at org.openqa.selenium.remote.service.DriverCommandExecutor.invokeExecute(DriverCommandExecutor.java:216)
at org.openqa.selenium.remote.service.DriverCommandExecutor.execute(DriverCommandExecutor.java:174)
at org.openqa.selenium.remote.RemoteWebDriver.execute(RemoteWebDriver.java:557)
at org.openqa.selenium.remote.ElementLocation$ElementFinder$2.findElement(ElementLocation.java:165)
at org.openqa.selenium.remote.ElementLocation.findElement(ElementLocation.java:59)
at org.openqa.selenium.remote.RemoteWebDriver.findElement(RemoteWebDriver.java:380)
at org.openqa.selenium.remote.RemoteWebDriver.findElement(RemoteWebDriver.java:374)
at org.openqa.selenium.support.pagefactory.DefaultElementLocator.findElement(DefaultElementLocator.java:68)
at org.openqa.selenium.support.pagefactory.internal.LocatingElementHandler.invoke(LocatingElementHandler.java:38)
at jdk.proxy2/jdk.proxy2.$Proxy7.click(Unknown Source)
at PackageMaven.PackageMaven.LoginPage.cookies_accepting(LoginPage.java:32)
at PackageMaven.PackageMaven.TestCase1_LoginToFacebook.withValidCred(TestCase1_LoginToFacebook.java:17)
at java.base/java.util.ArrayList.forEach(ArrayList.java:1596)
... Removed 33 stack frames]]>
    </failure>
  </testcase> <!-- withValidCred -->
</testsuite> <!-- Surefire test -->
