-------------------------------------------------------------------------------
Test set: PackageMaven.PackageMaven.TestCase1_LoginToFacebook
-------------------------------------------------------------------------------
Tests run: 1, Failures: 1, Errors: 0, Skipped: 0, Time elapsed: 10.936 s <<< FAILURE! - in PackageMaven.PackageMaven.TestCase1_LoginToFacebook
withValidCred(PackageMaven.PackageMaven.TestCase1_LoginToFacebook)  Time elapsed: 10.518 s  <<< FAILURE!
org.openqa.selenium.NoSuchElementException: 
no such element: Unable to locate element: {"method":"xpath","selector":"(//div[@role='button' and contains(@aria-label,'Decline optional cookies')])[1]"}
  (Session info: chrome=141.0.7390.123)
For documentation on this error, please visit: https://www.selenium.dev/documentation/webdriver/troubleshooting/errors#no-such-element-exception
Build info: version: '4.35.0', revision: '1c58e5028b'
System info: os.name: 'Windows 11', os.arch: 'amd64', os.version: '10.0', java.version: '21.0.7'
Driver info: org.openqa.selenium.chrome.ChromeDriver
Command: [975aea8bd618cf4fa21bf48ae1bb402b, findElement {value=(//div[@role='button' and contains(@aria-label,'Decline optional cookies')])[1], using=xpath}]
Capabilities {acceptInsecureCerts: false, browserName: chrome, browserVersion: 141.0.7390.123, chrome: {chromedriverVersion: 141.0.7390.122 (b477534e7e1..., userDataDir: C:\Users\SHABAZ~1\AppData\L...}, fedcm:accounts: true, goog:chromeOptions: {debuggerAddress: localhost:54849}, networkConnectionEnabled: false, pageLoadStrategy: normal, platformName: windows, proxy: Proxy(), se:cdp: ws://localhost:54849/devtoo..., se:cdpVersion: 141.0.7390.123, setWindowRect: true, strictFileInteractability: false, timeouts: {implicit: 0, pageLoad: 300000, script: 30000}, unhandledPromptBehavior: dismiss and notify, webauthn:extension:credBlob: true, webauthn:extension:largeBlob: true, webauthn:extension:minPinLength: true, webauthn:extension:prf: true, webauthn:virtualAuthenticators: true}
Session ID: 975aea8bd618cf4fa21bf48ae1bb402b
	at PackageMaven.PackageMaven.TestCase1_LoginToFacebook.withValidCred(TestCase1_LoginToFacebook.java:17)

